<?xml version="1.0" encoding="UTF-8"?>
<!-- Generated by org.testng.reporters.JUnitReportReporter -->
<testsuite hostname="AH4000236LT" failures="0" tests="7" name="workingwithTestNg.Incovationcount" time="0.014" errors="0" timestamp="2023-09-06T18:45:26 BST" skipped="0">
  <testcase classname="workingwithTestNg.Incovationcount" name="registerpage" time="0.001"/>
  <testcase classname="workingwithTestNg.Incovationcount" name="registerpage" time="0.001"/>
  <testcase classname="workingwithTestNg.Incovationcount" name="homepage" time="0.008"/>
  <testcase classname="workingwithTestNg.Incovationcount" name="registerpage" time="0.001"/>
  <testcase classname="workingwithTestNg.Incovationcount" name="registerpage" time="0.001"/>
  <testcase classname="workingwithTestNg.Incovationcount" name="registerpage" time="0.001"/>
  <testcase classname="workingwithTestNg.Incovationcount" name="urlpage" time="0.001"/>
</testsuite> <!-- workingwithTestNg.Incovationcount -->
