<?xml version="1.0" encoding="UTF-8"?>
<!-- Generated by org.testng.reporters.JUnitReportReporter -->
<testsuite hostname="AH4000236LT" failures="0" tests="3" name="workingwithTestNg.Alwaysrun" time="0.018" errors="0" timestamp="2023-09-06T18:32:34 BST" skipped="0">
  <testcase classname="workingwithTestNg.Alwaysrun" name="registerpage" time="0.002"/>
  <testcase classname="workingwithTestNg.Alwaysrun" name="homepage" time="0.014"/>
  <testcase classname="workingwithTestNg.Alwaysrun" name="urlpage" time="0.002"/>
</testsuite> <!-- workingwithTestNg.Alwaysrun -->
