<?xml version="1.0" encoding="UTF-8"?>
<!-- Generated by org.testng.reporters.JUnitReportReporter -->
<testsuite hostname="AH4000236LT" failures="0" tests="9" name="workingwithTestNg.Workingwithpriority" time="0.073" errors="0" timestamp="2023-09-05T19:03:48 BST" skipped="0">
  <testcase classname="workingwithTestNg.Workingwithpriority" name="Logout" time="0.031"/>
  <testcase classname="workingwithTestNg.Workingwithpriority" name="successfulpage" time="0.004"/>
  <testcase classname="workingwithTestNg.Workingwithpriority" name="urlpage" time="0.007"/>
  <testcase classname="workingwithTestNg.Workingwithpriority" name="Registerpage" time="0.007"/>
  <testcase classname="workingwithTestNg.Workingwithpriority" name="Homepage" time="0.004"/>
  <testcase classname="workingwithTestNg.Workingwithpriority" name="login" time="0.008"/>
  <testcase classname="workingwithTestNg.Workingwithpriority" name="addBankdetails" time="0.004"/>
  <testcase classname="workingwithTestNg.Workingwithpriority" name="Addpayee" time="0.003"/>
  <testcase classname="workingwithTestNg.Workingwithpriority" name="transferpage" time="0.005"/>
</testsuite> <!-- workingwithTestNg.Workingwithpriority -->
