<?xml version="1.0" encoding="UTF-8"?>
<!-- Generated by org.testng.reporters.JUnitReportReporter -->
<testsuite hostname="AH4000236LT" failures="0" tests="1" name="workingwithTestNg.TC_Oppo_001" time="14.119" errors="0" timestamp="2023-09-14T19:17:22 BST" skipped="0">
  <testcase classname="workingwithTestNg.TC_Oppo_001" name="openingVivo" time="14.119"/>
</testsuite> <!-- workingwithTestNg.TC_Oppo_001 -->
