<?xml version="1.0" encoding="UTF-8"?>
<!-- Generated by org.testng.reporters.JUnitReportReporter -->
<testsuite hostname="AH4000236LT" failures="0" tests="9" name="workingwithTestNg.DependaOnMethod" time="0.019" errors="0" timestamp="2023-09-06T18:17:17 BST" skipped="1">
  <testcase classname="workingwithTestNg.DependaOnMethod" name="urlpage" time="0.002"/>
  <testcase classname="workingwithTestNg.DependaOnMethod" name="registerpage" time="0.002"/>
  <testcase classname="workingwithTestNg.DependaOnMethod" name="transferpage" time="0.002"/>
  <testcase classname="workingwithTestNg.DependaOnMethod" name="Logout" time="0.001"/>
  <testcase classname="workingwithTestNg.DependaOnMethod" name="Addpayee" time="0.008"/>
  <testcase classname="workingwithTestNg.DependaOnMethod" name="successfulpage" time="0.001"/>
  <testcase classname="workingwithTestNg.DependaOnMethod" name="homepage" time="0.002"/>
  <testcase classname="workingwithTestNg.DependaOnMethod" name="login" time="0.001"/>
  <testcase classname="workingwithTestNg.DependaOnMethod" name="addBankdetails">
    <skipped/>
  </testcase> <!-- addBankdetails -->
</testsuite> <!-- workingwithTestNg.DependaOnMethod -->
