<?xml version="1.0" encoding="UTF-8"?>
<!-- Generated by org.testng.reporters.JUnitReportReporter -->
<testsuite hostname="AH4000236LT" failures="0" tests="9" name="workingwithTestNg.Sample" time="0.021" errors="0" timestamp="2023-09-05T18:25:22 BST" skipped="0">
  <testcase classname="workingwithTestNg.Sample" name="Logout" time="0.002"/>
  <testcase classname="workingwithTestNg.Sample" name="successfulpage" time="0.002"/>
  <testcase classname="workingwithTestNg.Sample" name="Homepage" time="0.003"/>
  <testcase classname="workingwithTestNg.Sample" name="Registerpage" time="0.001"/>
  <testcase classname="workingwithTestNg.Sample" name="login" time="0.001"/>
  <testcase classname="workingwithTestNg.Sample" name="addBankdetails" time="0.002"/>
  <testcase classname="workingwithTestNg.Sample" name="urlpage" time="0.001"/>
  <testcase classname="workingwithTestNg.Sample" name="transferpage" time="0.001"/>
  <testcase classname="workingwithTestNg.Sample" name="Addpayee" time="0.008"/>
</testsuite> <!-- workingwithTestNg.Sample -->
