<?xml version="1.0" encoding="UTF-8"?>
<!-- Generated by org.testng.reporters.JUnitReportReporter -->
<testsuite hostname="AH4000236LT" failures="0" tests="2" name="workingwithTestNg.Chronologicalorder" time="0.018" errors="0" timestamp="2023-09-07T19:28:24 BST" skipped="0">
  <testcase classname="workingwithTestNg.Chronologicalorder" name="Register" time="0.013"/>
  <testcase classname="workingwithTestNg.Chronologicalorder" name="login" time="0.005"/>
</testsuite> <!-- workingwithTestNg.Chronologicalorder -->
