<?xml version="1.0" encoding="UTF-8"?>
<!-- Generated by org.testng.reporters.JUnitReportReporter -->
<testsuite hostname="AH4000236LT" failures="0" tests="1" name="workingwithTestNg.TestCase_003" time="10.362" errors="0" timestamp="2023-09-14T19:17:22 BST" skipped="0">
  <testcase classname="workingwithTestNg.TestCase_003" name="openingacttime" time="10.362"/>
</testsuite> <!-- workingwithTestNg.TestCase_003 -->
